<?xml version="1.0" encoding="UTF-8"?>
<!-- Generated by org.testng.reporters.JUnitReportReporter -->
<testsuite hostname="bbfabcbdbcffffa43203ddccabcceedbdctwo-0" failures="0" tests="1" name="runner.Testcase2" time="18.201" errors="0" timestamp="2023-12-28T08:22:03 UTC" skipped="0">
  <testcase classname="runner.Testcase2" name="TC_002" time="18.201"/>
</testsuite> <!-- runner.Testcase2 -->
