<?xml version="1.0" encoding="UTF-8"?>
<!-- Generated by org.testng.reporters.JUnitReportReporter -->
<testsuite hostname="bbfabcbdbcffffa43203ddccabcceedbdctwo-0" failures="0" tests="1" name="runner.Testcase1" time="12.473" errors="0" timestamp="2023-12-28T08:22:03 UTC" skipped="0">
  <testcase classname="runner.Testcase1" name="TC_001" time="12.473"/>
</testsuite> <!-- runner.Testcase1 -->
